
> milenium-client@0.0.1 build D:\PROYECTO-MILENIUM\milenium-frontend
> vite build

[36mvite v7.3.1 [32mbuilding ssr environment for production...[36m[39m
transforming...
1:31:03 a. m. [vite-plugin-svelte] src/routes/v1/usuarios/+page.svelte:230:7 A form label must be associated with a control
https://svelte.dev/e/a11y_label_has_associated_control
228:           {#if searchTerm || selectedRol || selectedEstado}
229:             <div class="max-w-xs flex-1">
230:               <label class="mb-1 block text-sm font-medium text-transparent">Acciones</label>
                                                                                                  ^
231:               <button
232:                 on:click={clearFilters}
1:31:04 a. m. [vite-plugin-svelte] src/lib/components/ui/sidebarItem.svelte:9:34 This reference only captures the initial value of `hasActiveChild`. Did you mean to reference it inside a closure instead?
https://svelte.dev/e/state_referenced_locally
 7:   let { item, isCollapsed, onItemClick, isActive = false, hasActiveChild = false } = $props();
 8: 
 9:   let isExpanded: boolean = $state(hasActiveChild);
                                                     ^
10: 
11:   const toggleSubmenu = () => {
1:31:04 a. m. [vite-plugin-svelte] src/lib/components/ui/sidebarItem.svelte:41:4 `<svelte:component>` is deprecated in runes mode — components are dynamic by default
https://svelte.dev/e/svelte_component_deprecated
39:     >
40:       <div class="flex items-center gap-3 {isCollapsed ? 'justify-center' : ''}">
41:         <svelte:component this={item.icon} class="h-5 w-5" />
                                                                 ^
42:         {#if !isCollapsed}
43:           <span class="text-sm font-medium">{item.label}</span>
1:31:04 a. m. [vite-plugin-svelte] src/lib/components/ui/sidebarItem.svelte:56:4 `<svelte:component>` is deprecated in runes mode — components are dynamic by default
https://svelte.dev/e/svelte_component_deprecated
54:     >
55:       <div class="flex items-center gap-3 {isCollapsed ? 'justify-center' : ''}">
56:         <svelte:component this={item.icon} class="h-5 w-5" />
                                                                 ^
57:         {#if !isCollapsed}
58:           <span class="text-sm font-medium">{item.label}</span>
1:31:05 a. m. [vite-plugin-svelte] src/lib/components/features/usuario/crearUsuarioModal.svelte:96:3 Buttons and links should either contain text or have an `aria-label`, `aria-labelledby` or `title` attribute
https://svelte.dev/e/a11y_consider_explicit_label
94:     >
95:       <h2 class="text-2xl font-bold text-gray-900">Crear Nuevo Usuario</h2>
96:       <button
                  ^
97:         on:click={handleClose}
98:         class="text-gray-400 transition-colors hover:text-gray-600"
1:31:05 a. m. [vite-plugin-svelte] src/lib/components/features/roles/crearRolModal.svelte:69:3 Buttons and links should either contain text or have an `aria-label`, `aria-labelledby` or `title` attribute
https://svelte.dev/e/a11y_consider_explicit_label
67:     <div class="flex items-center justify-between border-b border-gray-200 p-6">
68:       <h2 class="text-2xl font-bold text-gray-900">Crear Nuevo Rol</h2>
69:       <button
                  ^
70:         on:click={handleClose}
71:         class="text-gray-400 transition-colors hover:text-gray-600"
1:31:05 a. m. [vite-plugin-svelte] src/lib/components/features/roles/crearRolModal.svelte:141:5 Self-closing HTML tags for non-void elements are ambiguous — use `<textarea ...></textarea>` rather than `<textarea ... />`
https://svelte.dev/e/element_invalid_self_closing_tag
139:             Descripción <span class="text-red-500">*</span>
140:           </label>
141:           <textarea
                 ^
142:             id="descripcion"
143:             bind:value={formData.descripcion}
1:31:06 a. m. [vite-plugin-svelte] src/lib/components/ui/button.svelte:92:5 This reference only captures the initial value of `isIconOnly`. Did you mean to reference it inside a closure instead?
https://svelte.dev/e/state_referenced_locally
90:   const isIconOnly = $derived(!children && (!!leftIcon || !!rightIcon));
91: 
92:   if (isIconOnly && !restProps['aria-label']) {
                    ^
93:     console.warn(
94:       `Accesibility Warning: An icon-only button should have an 'aria-label' prop to be accessible to screen readers.`
1:31:06 a. m. [vite-plugin-svelte] src/lib/components/features/empleado/empleadoFormModal.svelte:355:6 Buttons and links should either contain text or have an `aria-label`, `aria-labelledby` or `title` attribute
https://svelte.dev/e/a11y_consider_explicit_label
353:               </p>
354:             </div>
355:             <button
                         ^
356:               type="button"
357:               onclick={toggleCrearUsuario}
1:31:06 a. m. [vite-plugin-svelte] src/lib/components/ui/modalConfirm.svelte:21:1 Visible, non-interactive elements with a click event must be accompanied by a keyboard event handler. Consider whether an interactive element such as `<button type="button">` or `<a>` might be more appropriate
https://svelte.dev/e/a11y_click_events_have_key_events
19: 
20: {#if isOpen}
21:   <div
           ^
22:     class="relative z-50"
23:     onclick={(event) => {
1:31:06 a. m. [vite-plugin-svelte] src/lib/components/ui/modalConfirm.svelte:21:1 `<div>` with a click handler must have an ARIA role
https://svelte.dev/e/a11y_no_static_element_interactions
19: 
20: {#if isOpen}
21:   <div
           ^
22:     class="relative z-50"
23:     onclick={(event) => {
[32m✓[39m 444 modules transformed.
rendering chunks...
[36mvite v7.3.1 [32mbuilding client environment for production...[36m[39m
transforming...
1:31:09 a. m. [vite-plugin-svelte] src/routes/v1/usuarios/+page.svelte:230:7 A form label must be associated with a control
https://svelte.dev/e/a11y_label_has_associated_control
228:           {#if searchTerm || selectedRol || selectedEstado}
229:             <div class="max-w-xs flex-1">
230:               <label class="mb-1 block text-sm font-medium text-transparent">Acciones</label>
                                                                                                  ^
231:               <button
232:                 on:click={clearFilters}
1:31:10 a. m. [vite-plugin-svelte] src/lib/components/ui/sidebarItem.svelte:9:34 This reference only captures the initial value of `hasActiveChild`. Did you mean to reference it inside a closure instead?
https://svelte.dev/e/state_referenced_locally
 7:   let { item, isCollapsed, onItemClick, isActive = false, hasActiveChild = false } = $props();
 8: 
 9:   let isExpanded: boolean = $state(hasActiveChild);
                                                     ^
10: 
11:   const toggleSubmenu = () => {
1:31:10 a. m. [vite-plugin-svelte] src/lib/components/ui/sidebarItem.svelte:41:4 `<svelte:component>` is deprecated in runes mode — components are dynamic by default
https://svelte.dev/e/svelte_component_deprecated
39:     >
40:       <div class="flex items-center gap-3 {isCollapsed ? 'justify-center' : ''}">
41:         <svelte:component this={item.icon} class="h-5 w-5" />
                                                                 ^
42:         {#if !isCollapsed}
43:           <span class="text-sm font-medium">{item.label}</span>
1:31:10 a. m. [vite-plugin-svelte] src/lib/components/ui/sidebarItem.svelte:56:4 `<svelte:component>` is deprecated in runes mode — components are dynamic by default
https://svelte.dev/e/svelte_component_deprecated
54:     >
55:       <div class="flex items-center gap-3 {isCollapsed ? 'justify-center' : ''}">
56:         <svelte:component this={item.icon} class="h-5 w-5" />
                                                                 ^
57:         {#if !isCollapsed}
58:           <span class="text-sm font-medium">{item.label}</span>
1:31:10 a. m. [vite-plugin-svelte] src/lib/components/features/usuario/crearUsuarioModal.svelte:96:3 Buttons and links should either contain text or have an `aria-label`, `aria-labelledby` or `title` attribute
https://svelte.dev/e/a11y_consider_explicit_label
94:     >
95:       <h2 class="text-2xl font-bold text-gray-900">Crear Nuevo Usuario</h2>
96:       <button
                  ^
97:         on:click={handleClose}
98:         class="text-gray-400 transition-colors hover:text-gray-600"
1:31:10 a. m. [vite-plugin-svelte] src/lib/components/features/empleado/empleadoFormModal.svelte:355:6 Buttons and links should either contain text or have an `aria-label`, `aria-labelledby` or `title` attribute
https://svelte.dev/e/a11y_consider_explicit_label
353:               </p>
354:             </div>
355:             <button
                         ^
356:               type="button"
357:               onclick={toggleCrearUsuario}
1:31:11 a. m. [vite-plugin-svelte] src/lib/components/features/roles/crearRolModal.svelte:69:3 Buttons and links should either contain text or have an `aria-label`, `aria-labelledby` or `title` attribute
https://svelte.dev/e/a11y_consider_explicit_label
67:     <div class="flex items-center justify-between border-b border-gray-200 p-6">
68:       <h2 class="text-2xl font-bold text-gray-900">Crear Nuevo Rol</h2>
69:       <button
                  ^
70:         on:click={handleClose}
71:         class="text-gray-400 transition-colors hover:text-gray-600"
1:31:11 a. m. [vite-plugin-svelte] src/lib/components/features/roles/crearRolModal.svelte:141:5 Self-closing HTML tags for non-void elements are ambiguous — use `<textarea ...></textarea>` rather than `<textarea ... />`
https://svelte.dev/e/element_invalid_self_closing_tag
139:             Descripción <span class="text-red-500">*</span>
140:           </label>
141:           <textarea
                 ^
142:             id="descripcion"
143:             bind:value={formData.descripcion}
1:31:11 a. m. [vite-plugin-svelte] src/lib/components/ui/button.svelte:92:5 This reference only captures the initial value of `isIconOnly`. Did you mean to reference it inside a closure instead?
https://svelte.dev/e/state_referenced_locally
90:   const isIconOnly = $derived(!children && (!!leftIcon || !!rightIcon));
91: 
92:   if (isIconOnly && !restProps['aria-label']) {
                    ^
93:     console.warn(
94:       `Accesibility Warning: An icon-only button should have an 'aria-label' prop to be accessible to screen readers.`
1:31:11 a. m. [vite-plugin-svelte] src/lib/components/ui/modalConfirm.svelte:21:1 Visible, non-interactive elements with a click event must be accompanied by a keyboard event handler. Consider whether an interactive element such as `<button type="button">` or `<a>` might be more appropriate
https://svelte.dev/e/a11y_click_events_have_key_events
19: 
20: {#if isOpen}
21:   <div
           ^
22:     class="relative z-50"
23:     onclick={(event) => {
1:31:11 a. m. [vite-plugin-svelte] src/lib/components/ui/modalConfirm.svelte:21:1 `<div>` with a click handler must have an ARIA role
https://svelte.dev/e/a11y_no_static_element_interactions
19: 
20: {#if isOpen}
21:   <div
           ^
22:     class="relative z-50"
23:     onclick={(event) => {
[32m✓[39m 502 modules transformed.
rendering chunks...
computing gzip size...
[2m.svelte-kit/output/client/[22m[32m_app/version.json                                [39m[1m[2m    0.03 kB[22m[1m[22m[2m │ gzip:  0.05 kB[22m
[2m.svelte-kit/output/client/[22m[32m.vite/manifest.json                              [39m[1m[2m   24.66 kB[22m[1m[22m[2m │ gzip:  2.39 kB[22m
[2m.svelte-kit/output/client/[22m[32m_app/immutable/assets/background1.BqnZtl6z.png   [39m[1m[2m2,459.15 kB[22m[1m[22m
[2m.svelte-kit/output/client/[22m[35m_app/immutable/assets/18.tn0RQdqM.css            [39m[1m[2m    0.00 kB[22m[1m[22m[2m │ gzip:  0.02 kB[22m
[2m.svelte-kit/output/client/[22m[35m_app/immutable/assets/dropdownMenu.KOmfmGu7.css  [39m[1m[2m    5.12 kB[22m[1m[22m[2m │ gzip:  1.21 kB[22m
[2m.svelte-kit/output/client/[22m[35m_app/immutable/assets/0.aEvZe5vm.css             [39m[1m[2m   66.38 kB[22m[1m[22m[2m │ gzip: 11.66 kB[22m
[2m.svelte-kit/output/client/[22m[36m_app/immutable/chunks/69_IOA4Y.js                [39m[1m[2m    0.03 kB[22m[1m[22m[2m │ gzip:  0.05 kB[22m
[2m.svelte-kit/output/client/[22m[36m_app/immutable/chunks/DIeogL5L.js                [39m[1m[2m    0.06 kB[22m[1m[22m[2m │ gzip:  0.08 kB[22m
[2m.svelte-kit/output/client/[22m[36m_app/immutable/chunks/DsnmJJEf.js                [39m[1m[2m    0.07 kB[22m[1m[22m[2m │ gzip:  0.08 kB[22m
[2m.svelte-kit/output/client/[22m[36m_app/immutable/entry/start.BuAORhHk.js           [39m[1m[2m    0.08 kB[22m[1m[22m[2m │ gzip:  0.09 kB[22m
[2m.svelte-kit/output/client/[22m[36m_app/immutable/nodes/4.DPzO339H.js               [39m[1m[2m    0.10 kB[22m[1m[22m[2m │ gzip:  0.10 kB[22m
[2m.svelte-kit/output/client/[22m[36m_app/immutable/nodes/6.DPzO339H.js               [39m[1m[2m    0.10 kB[22m[1m[22m[2m │ gzip:  0.10 kB[22m
[2m.svelte-kit/output/client/[22m[36m_app/immutable/chunks/D4Caz1gY.js                [39m[1m[2m    0.11 kB[22m[1m[22m[2m │ gzip:  0.11 kB[22m
[2m.svelte-kit/output/client/[22m[36m_app/immutable/nodes/22.BMToC5O8.js              [39m[1m[2m    0.19 kB[22m[1m[22m[2m │ gzip:  0.16 kB[22m
[2m.svelte-kit/output/client/[22m[36m_app/immutable/nodes/20.DDLeaznm.js              [39m[1m[2m    0.19 kB[22m[1m[22m[2m │ gzip:  0.16 kB[22m
[2m.svelte-kit/output/client/[22m[36m_app/immutable/nodes/14.74Qt9vjt.js              [39m[1m[2m    0.19 kB[22m[1m[22m[2m │ gzip:  0.17 kB[22m
[2m.svelte-kit/output/client/[22m[36m_app/immutable/nodes/8.RIH7Dfn4.js               [39m[1m[2m    0.19 kB[22m[1m[22m[2m │ gzip:  0.16 kB[22m
[2m.svelte-kit/output/client/[22m[36m_app/immutable/nodes/11.Drl3DpT6.js              [39m[1m[2m    0.19 kB[22m[1m[22m[2m │ gzip:  0.17 kB[22m
[2m.svelte-kit/output/client/[22m[36m_app/immutable/nodes/15.D8DLfbN6.js              [39m[1m[2m    0.19 kB[22m[1m[22m[2m │ gzip:  0.17 kB[22m
[2m.svelte-kit/output/client/[22m[36m_app/immutable/nodes/16.D8DLfbN6.js              [39m[1m[2m    0.19 kB[22m[1m[22m[2m │ gzip:  0.17 kB[22m
[2m.svelte-kit/output/client/[22m[36m_app/immutable/nodes/17.D8DLfbN6.js              [39m[1m[2m    0.19 kB[22m[1m[22m[2m │ gzip:  0.17 kB[22m
[2m.svelte-kit/output/client/[22m[36m_app/immutable/nodes/23.9LV4hQZN.js              [39m[1m[2m    0.19 kB[22m[1m[22m[2m │ gzip:  0.17 kB[22m
[2m.svelte-kit/output/client/[22m[36m_app/immutable/nodes/7.BSiDdMIh.js               [39m[1m[2m    0.19 kB[22m[1m[22m[2m │ gzip:  0.17 kB[22m
[2m.svelte-kit/output/client/[22m[36m_app/immutable/nodes/12.D1SEEVwW.js              [39m[1m[2m    0.19 kB[22m[1m[22m[2m │ gzip:  0.17 kB[22m
[2m.svelte-kit/output/client/[22m[36m_app/immutable/nodes/9.3G2eYIqS.js               [39m[1m[2m    0.20 kB[22m[1m[22m[2m │ gzip:  0.17 kB[22m
[2m.svelte-kit/output/client/[22m[36m_app/immutable/nodes/13.nKmTGuYw.js              [39m[1m[2m    0.20 kB[22m[1m[22m[2m │ gzip:  0.17 kB[22m
[2m.svelte-kit/output/client/[22m[36m_app/immutable/nodes/10.5ZxjKBAe.js              [39m[1m[2m    0.20 kB[22m[1m[22m[2m │ gzip:  0.17 kB[22m
[2m.svelte-kit/output/client/[22m[36m_app/immutable/nodes/26.B0sUCuqC.js              [39m[1m[2m    0.21 kB[22m[1m[22m[2m │ gzip:  0.17 kB[22m
[2m.svelte-kit/output/client/[22m[36m_app/immutable/chunks/2XduLVNB.js                [39m[1m[2m    0.30 kB[22m[1m[22m[2m │ gzip:  0.22 kB[22m
[2m.svelte-kit/output/client/[22m[36m_app/immutable/chunks/ex3Hgxut.js                [39m[1m[2m    0.30 kB[22m[1m[22m[2m │ gzip:  0.22 kB[22m
[2m.svelte-kit/output/client/[22m[36m_app/immutable/chunks/BWqN7M-n.js                [39m[1m[2m    0.38 kB[22m[1m[22m[2m │ gzip:  0.27 kB[22m
[2m.svelte-kit/output/client/[22m[36m_app/immutable/chunks/zUO4qQEn.js                [39m[1m[2m    0.52 kB[22m[1m[22m[2m │ gzip:  0.33 kB[22m
[2m.svelte-kit/output/client/[22m[36m_app/immutable/chunks/DASL3P6b.js                [39m[1m[2m    0.54 kB[22m[1m[22m[2m │ gzip:  0.28 kB[22m
[2m.svelte-kit/output/client/[22m[36m_app/immutable/chunks/Ct8Z61TL.js                [39m[1m[2m    0.54 kB[22m[1m[22m[2m │ gzip:  0.28 kB[22m
[2m.svelte-kit/output/client/[22m[36m_app/immutable/nodes/1.Cv7pJMb-.js               [39m[1m[2m    0.62 kB[22m[1m[22m[2m │ gzip:  0.36 kB[22m
[2m.svelte-kit/output/client/[22m[36m_app/immutable/chunks/D5obquDl.js                [39m[1m[2m    0.63 kB[22m[1m[22m[2m │ gzip:  0.40 kB[22m
[2m.svelte-kit/output/client/[22m[36m_app/immutable/chunks/BjI6RJJ6.js                [39m[1m[2m    0.82 kB[22m[1m[22m[2m │ gzip:  0.46 kB[22m
[2m.svelte-kit/output/client/[22m[36m_app/immutable/chunks/CtEXpqrI.js                [39m[1m[2m    1.22 kB[22m[1m[22m[2m │ gzip:  0.64 kB[22m
[2m.svelte-kit/output/client/[22m[36m_app/immutable/chunks/C1fhTGQy.js                [39m[1m[2m    1.53 kB[22m[1m[22m[2m │ gzip:  0.67 kB[22m
[2m.svelte-kit/output/client/[22m[36m_app/immutable/chunks/qm6JakXq.js                [39m[1m[2m    1.75 kB[22m[1m[22m[2m │ gzip:  0.96 kB[22m
[2m.svelte-kit/output/client/[22m[36m_app/immutable/chunks/DofMhER-.js                [39m[1m[2m    2.10 kB[22m[1m[22m[2m │ gzip:  1.08 kB[22m
[2m.svelte-kit/output/client/[22m[36m_app/immutable/chunks/D31mDZez.js                [39m[1m[2m    2.56 kB[22m[1m[22m[2m │ gzip:  1.30 kB[22m
[2m.svelte-kit/output/client/[22m[36m_app/immutable/nodes/0.BqcIyyWR.js               [39m[1m[2m    2.81 kB[22m[1m[22m[2m │ gzip:  1.23 kB[22m
[2m.svelte-kit/output/client/[22m[36m_app/immutable/chunks/Cn0SUNsj.js                [39m[1m[2m    3.01 kB[22m[1m[22m[2m │ gzip:  1.22 kB[22m
[2m.svelte-kit/output/client/[22m[36m_app/immutable/nodes/2.CLTQQ_JV.js               [39m[1m[2m    3.67 kB[22m[1m[22m[2m │ gzip:  1.66 kB[22m
[2m.svelte-kit/output/client/[22m[36m_app/immutable/chunks/B3hCv8Ii.js                [39m[1m[2m    3.81 kB[22m[1m[22m[2m │ gzip:  1.76 kB[22m
[2m.svelte-kit/output/client/[22m[36m_app/immutable/chunks/DrNjspoi.js                [39m[1m[2m    3.82 kB[22m[1m[22m[2m │ gzip:  1.80 kB[22m
[2m.svelte-kit/output/client/[22m[36m_app/immutable/chunks/ClYiRHU0.js                [39m[1m[2m    4.88 kB[22m[1m[22m[2m │ gzip:  2.16 kB[22m
[2m.svelte-kit/output/client/[22m[36m_app/immutable/chunks/D5QHOnAL.js                [39m[1m[2m    6.05 kB[22m[1m[22m[2m │ gzip:  1.65 kB[22m
[2m.svelte-kit/output/client/[22m[36m_app/immutable/chunks/3-08FWL9.js                [39m[1m[2m    7.09 kB[22m[1m[22m[2m │ gzip:  3.30 kB[22m
[2m.svelte-kit/output/client/[22m[36m_app/immutable/nodes/21.CdolGniS.js              [39m[1m[2m    7.91 kB[22m[1m[22m[2m │ gzip:  3.28 kB[22m
[2m.svelte-kit/output/client/[22m[36m_app/immutable/nodes/3.BSqLSSZi.js               [39m[1m[2m    8.26 kB[22m[1m[22m[2m │ gzip:  3.33 kB[22m
[2m.svelte-kit/output/client/[22m[36m_app/immutable/nodes/29.CWNZ3hhi.js              [39m[1m[2m    8.73 kB[22m[1m[22m[2m │ gzip:  3.37 kB[22m
[2m.svelte-kit/output/client/[22m[36m_app/immutable/nodes/31.Lf86yXzO.js              [39m[1m[2m    9.94 kB[22m[1m[22m[2m │ gzip:  3.71 kB[22m
[2m.svelte-kit/output/client/[22m[36m_app/immutable/nodes/19.zj0bGZJ5.js              [39m[1m[2m   10.21 kB[22m[1m[22m[2m │ gzip:  4.21 kB[22m
[2m.svelte-kit/output/client/[22m[36m_app/immutable/nodes/25.CZwltTCY.js              [39m[1m[2m   10.91 kB[22m[1m[22m[2m │ gzip:  3.87 kB[22m
[2m.svelte-kit/output/client/[22m[36m_app/immutable/chunks/DZGLjlDA.js                [39m[1m[2m   10.93 kB[22m[1m[22m[2m │ gzip:  3.55 kB[22m
[2m.svelte-kit/output/client/[22m[36m_app/immutable/nodes/32.BUviLBVw.js              [39m[1m[2m   11.09 kB[22m[1m[22m[2m │ gzip:  4.22 kB[22m
[2m.svelte-kit/output/client/[22m[36m_app/immutable/entry/app.IozmhQuJ.js             [39m[1m[2m   11.77 kB[22m[1m[22m[2m │ gzip:  3.99 kB[22m
[2m.svelte-kit/output/client/[22m[36m_app/immutable/chunks/DrZJOFkh.js                [39m[1m[2m   13.03 kB[22m[1m[22m[2m │ gzip:  4.83 kB[22m
[2m.svelte-kit/output/client/[22m[36m_app/immutable/nodes/24.DE-Lr4JY.js              [39m[1m[2m   13.83 kB[22m[1m[22m[2m │ gzip:  4.48 kB[22m
[2m.svelte-kit/output/client/[22m[36m_app/immutable/nodes/30.DbZRvYVu.js              [39m[1m[2m   17.54 kB[22m[1m[22m[2m │ gzip:  5.41 kB[22m
[2m.svelte-kit/output/client/[22m[36m_app/immutable/nodes/27.BjBj98dx.js              [39m[1m[2m   18.53 kB[22m[1m[22m[2m │ gzip:  5.91 kB[22m
[2m.svelte-kit/output/client/[22m[36m_app/immutable/chunks/BzvpwRtl.js                [39m[1m[2m   22.49 kB[22m[1m[22m[2m │ gzip:  8.96 kB[22m
[2m.svelte-kit/output/client/[22m[36m_app/immutable/chunks/CJnfVoTq.js                [39m[1m[2m   25.69 kB[22m[1m[22m[2m │ gzip: 10.10 kB[22m
[2m.svelte-kit/output/client/[22m[36m_app/immutable/nodes/28.BRojuMmd.js              [39m[1m[2m   25.74 kB[22m[1m[22m[2m │ gzip:  7.47 kB[22m
[2m.svelte-kit/output/client/[22m[36m_app/immutable/chunks/BUoi0kwY.js                [39m[1m[2m   28.68 kB[22m[1m[22m[2m │ gzip:  9.72 kB[22m
[2m.svelte-kit/output/client/[22m[36m_app/immutable/nodes/5.BZnzejOg.js               [39m[1m[2m   38.28 kB[22m[1m[22m[2m │ gzip: 12.42 kB[22m
[2m.svelte-kit/output/client/[22m[36m_app/immutable/nodes/18.Zv0hOP-C.js              [39m[1m[2m  155.76 kB[22m[1m[22m[2m │ gzip: 53.89 kB[22m
[2m.svelte-kit/output/client/[22m[36m_app/immutable/chunks/DyJPwK8k.js                [39m[1m[2m  271.09 kB[22m[1m[22m[2m │ gzip: 63.20 kB[22m
[32m✓ built in 4.84s[39m
[2m.svelte-kit/output/server/[22m[32m.vite/manifest.json                                                  [39m[1m[2m   17.15 kB[22m[1m[22m
[2m.svelte-kit/output/server/[22m[32m_app/immutable/assets/background1.BqnZtl6z.png                       [39m[1m[2m2,459.15 kB[22m[1m[22m
[2m.svelte-kit/output/server/[22m[35m_app/immutable/assets/_page.tn0RQdqM.css                             [39m[1m[2m    0.00 kB[22m[1m[22m
[2m.svelte-kit/output/server/[22m[35m_app/immutable/assets/notyf.KOmfmGu7.css                             [39m[1m[2m    5.12 kB[22m[1m[22m
[2m.svelte-kit/output/server/[22m[35m_app/immutable/assets/_layout.0d00hPeP.css                           [39m[1m[2m   66.28 kB[22m[1m[22m
[2m.svelte-kit/output/server/[22m[36mchunks/false.js                                                      [39m[1m[2m    0.04 kB[22m[1m[22m
[2m.svelte-kit/output/server/[22m[36mentries/pages/auth/resset-password/_page.svelte.js                   [39m[1m[2m    0.08 kB[22m[1m[22m
[2m.svelte-kit/output/server/[22m[36mentries/pages/auth/sign-up/_page.svelte.js                           [39m[1m[2m    0.08 kB[22m[1m[22m
[2m.svelte-kit/output/server/[22m[36mentries/pages/v1/productos/compra/_page.svelte.js                    [39m[1m[2m    0.12 kB[22m[1m[22m
[2m.svelte-kit/output/server/[22m[36mentries/pages/v1/finanzas/egresos/_page.svelte.js                    [39m[1m[2m    0.12 kB[22m[1m[22m
[2m.svelte-kit/output/server/[22m[36mentries/pages/v1/administracion/reportes/_page.svelte.js             [39m[1m[2m    0.12 kB[22m[1m[22m
[2m.svelte-kit/output/server/[22m[36mentries/pages/v1/administracion/vitacora/_page.svelte.js             [39m[1m[2m    0.12 kB[22m[1m[22m
[2m.svelte-kit/output/server/[22m[36mentries/pages/v1/finanzas/ingresos/_page.svelte.js                   [39m[1m[2m    0.12 kB[22m[1m[22m
[2m.svelte-kit/output/server/[22m[36mentries/pages/v1/finanzas/venta-productos-pedidos/_page.svelte.js    [39m[1m[2m    0.12 kB[22m[1m[22m
[2m.svelte-kit/output/server/[22m[36mentries/pages/v1/gestion-sucursales/_page.svelte.js                  [39m[1m[2m    0.12 kB[22m[1m[22m
[2m.svelte-kit/output/server/[22m[36mentries/pages/v1/productos/proforma/_page.svelte.js                  [39m[1m[2m    0.12 kB[22m[1m[22m
[2m.svelte-kit/output/server/[22m[36mentries/pages/v1/finanzas/anticipos/_page.svelte.js                  [39m[1m[2m    0.12 kB[22m[1m[22m
[2m.svelte-kit/output/server/[22m[36mentries/pages/v1/productos/productos/_page.svelte.js                 [39m[1m[2m    0.12 kB[22m[1m[22m
[2m.svelte-kit/output/server/[22m[36mentries/pages/v1/administracion/reporte-gastos/_page.svelte.js       [39m[1m[2m    0.12 kB[22m[1m[22m
[2m.svelte-kit/output/server/[22m[36mentries/pages/v1/administracion/stock-productos/_page.svelte.js      [39m[1m[2m    0.12 kB[22m[1m[22m
[2m.svelte-kit/output/server/[22m[36mentries/pages/v1/finanzas/cuentas-cobrar/_page.svelte.js             [39m[1m[2m    0.13 kB[22m[1m[22m
[2m.svelte-kit/output/server/[22m[36mentries/pages/v1/administracion/traspaso-sucursales/_page.svelte.js  [39m[1m[2m    0.13 kB[22m[1m[22m
[2m.svelte-kit/output/server/[22m[36mentries/pages/v1/usuarios/caja-apertura-cierre/_page.svelte.js       [39m[1m[2m    0.13 kB[22m[1m[22m
[2m.svelte-kit/output/server/[22m[36mchunks/auth.store.js                                                 [39m[1m[2m    0.29 kB[22m[1m[22m
[2m.svelte-kit/output/server/[22m[36minternal.js                                                          [39m[1m[2m    0.33 kB[22m[1m[22m
[2m.svelte-kit/output/server/[22m[36mchunks/state.svelte.js                                               [39m[1m[2m    0.39 kB[22m[1m[22m
[2m.svelte-kit/output/server/[22m[36mchunks/plusIcon.js                                                   [39m[1m[2m    0.59 kB[22m[1m[22m
[2m.svelte-kit/output/server/[22m[36mchunks/environment.js                                                [39m[1m[2m    0.62 kB[22m[1m[22m
[2m.svelte-kit/output/server/[22m[36mchunks/client.js                                                     [39m[1m[2m    0.64 kB[22m[1m[22m
[2m.svelte-kit/output/server/[22m[36mentries/fallbacks/error.svelte.js                                    [39m[1m[2m    0.66 kB[22m[1m[22m
[2m.svelte-kit/output/server/[22m[36mchunks/utils.js                                                      [39m[1m[2m    1.15 kB[22m[1m[22m
[2m.svelte-kit/output/server/[22m[36mchunks/heading.js                                                    [39m[1m[2m    1.88 kB[22m[1m[22m
[2m.svelte-kit/output/server/[22m[36mentries/pages/_layout.svelte.js                                      [39m[1m[2m    2.48 kB[22m[1m[22m
[2m.svelte-kit/output/server/[22m[36mchunks/utils2.js                                                     [39m[1m[2m    2.55 kB[22m[1m[22m
[2m.svelte-kit/output/server/[22m[36mchunks/index2.js                                                     [39m[1m[2m    2.66 kB[22m[1m[22m
[2m.svelte-kit/output/server/[22m[36mchunks/textArea.js                                                   [39m[1m[2m    3.57 kB[22m[1m[22m
[2m.svelte-kit/output/server/[22m[36mchunks/marcaTableSkeleton.js                                         [39m[1m[2m    3.71 kB[22m[1m[22m
[2m.svelte-kit/output/server/[22m[36mentries/pages/v1/usuarios/_page.svelte.js                            [39m[1m[2m    4.21 kB[22m[1m[22m
[2m.svelte-kit/output/server/[22m[36mchunks/exports.js                                                    [39m[1m[2m    5.59 kB[22m[1m[22m
[2m.svelte-kit/output/server/[22m[36mchunks/button.js                                                     [39m[1m[2m    5.69 kB[22m[1m[22m
[2m.svelte-kit/output/server/[22m[36mentries/pages/v1/usuarios/roles-permisos/_page.svelte.js             [39m[1m[2m    6.86 kB[22m[1m[22m
[2m.svelte-kit/output/server/[22m[36mentries/pages/_page.svelte.js                                        [39m[1m[2m    8.57 kB[22m[1m[22m
[2m.svelte-kit/output/server/[22m[36mchunks/auth.service.js                                               [39m[1m[2m    8.71 kB[22m[1m[22m
[2m.svelte-kit/output/server/[22m[36mentries/pages/v1/productos/marcas/_page.svelte.js                    [39m[1m[2m    8.75 kB[22m[1m[22m
[2m.svelte-kit/output/server/[22m[36mentries/pages/v1/productos/categorias/_page.svelte.js                [39m[1m[2m    8.94 kB[22m[1m[22m
[2m.svelte-kit/output/server/[22m[36mentries/pages/v1/zonas/_page.svelte.js                               [39m[1m[2m   10.15 kB[22m[1m[22m
[2m.svelte-kit/output/server/[22m[36mentries/pages/v1/inicio/_page.svelte.js                              [39m[1m[2m   10.62 kB[22m[1m[22m
[2m.svelte-kit/output/server/[22m[36mentries/pages/v1/usuarios/personal-administrativo/_page.svelte.js    [39m[1m[2m   12.38 kB[22m[1m[22m
[2m.svelte-kit/output/server/[22m[36mentries/pages/v1/productos/unidad-medida/_page.svelte.js             [39m[1m[2m   12.83 kB[22m[1m[22m
[2m.svelte-kit/output/server/[22m[36mchunks/categoria.js                                                  [39m[1m[2m   13.33 kB[22m[1m[22m
[2m.svelte-kit/output/server/[22m[36mentries/pages/auth/sign-in/_page.svelte.js                           [39m[1m[2m   13.84 kB[22m[1m[22m
[2m.svelte-kit/output/server/[22m[36mentries/pages/v1/usuarios/proveedores/_page.svelte.js                [39m[1m[2m   17.28 kB[22m[1m[22m
[2m.svelte-kit/output/server/[22m[36mentries/pages/v1/_layout.svelte.js                                   [39m[1m[2m   18.25 kB[22m[1m[22m
[2m.svelte-kit/output/server/[22m[36mentries/pages/v1/usuarios/clientes/_page.svelte.js                   [39m[1m[2m   18.57 kB[22m[1m[22m
[2m.svelte-kit/output/server/[22m[36mremote-entry.js                                                      [39m[1m[2m   18.84 kB[22m[1m[22m
[2m.svelte-kit/output/server/[22m[36mentries/pages/v1/usuarios/empleados/_page.svelte.js                  [39m[1m[2m   26.37 kB[22m[1m[22m
[2m.svelte-kit/output/server/[22m[36mchunks/internal.js                                                   [39m[1m[2m   29.77 kB[22m[1m[22m
[2m.svelte-kit/output/server/[22m[36mchunks/shared.js                                                     [39m[1m[2m   32.17 kB[22m[1m[22m
[2m.svelte-kit/output/server/[22m[36mchunks/index.js                                                      [39m[1m[2m   39.69 kB[22m[1m[22m
[2m.svelte-kit/output/server/[22m[36mchunks/context.js                                                    [39m[1m[2m   53.17 kB[22m[1m[22m
[2m.svelte-kit/output/server/[22m[36mindex.js                                                             [39m[1m[2m  136.91 kB[22m[1m[22m
[32m✓ built in 12.41s[39m

Run npm run preview to preview your production build locally.

> Using @sveltejs/adapter-static
  @sveltejs/adapter-static: all routes must be fully prerenderable, but found the following routes that are dynamic:
    - src\routes/
    - src\routes/auth/resset-password
    - src\routes/auth/sign-in
    - src\routes/auth/sign-up
    - src\routes/v1/administracion/reporte-gastos
    - src\routes/v1/administracion/reportes
    - src\routes/v1/administracion/stock-productos
    - src\routes/v1/administracion/traspaso-sucursales
    - src\routes/v1/administracion/vitacora
    - src\routes/v1/finanzas/anticipos
    - src\routes/v1/finanzas/cuentas-cobrar
    - src\routes/v1/finanzas/egresos
    - src\routes/v1/finanzas/ingresos
    - src\routes/v1/finanzas/venta-productos-pedidos
    - src\routes/v1/gestion-sucursales
    - src\routes/v1/inicio
    - src\routes/v1/productos/categorias
    - src\routes/v1/productos/compra
    - src\routes/v1/productos/marcas
    - src\routes/v1/productos/productos
    - src\routes/v1/productos/proforma
    - src\routes/v1/productos/unidad-medida
    - src\routes/v1/usuarios
    - src\routes/v1/usuarios/caja-apertura-cierre
    - src\routes/v1/usuarios/clientes
    - src\routes/v1/usuarios/empleados
    - src\routes/v1/usuarios/personal-administrativo
    - src\routes/v1/usuarios/proveedores
    - src\routes/v1/usuarios/roles-permisos
    - src\routes/v1/zonas
  
  You have the following options:
    - set the `fallback` option — see https://svelte.dev/docs/kit/single-page-apps#usage for more info.
    - add `export const prerender = true` to your root `+layout.js/.ts` or `+layout.server.js/.ts` file. This will try to prerender all pages.
    - add `export const prerender = true` to any `+server.js/ts` files that are not fetched by page `load` functions.
  
    - pass `strict: false` to `adapter-static` to ignore this error. Only do this if you are sure you don't need the routes in question in your final app, as they will be unavailable. See https://github.com/sveltejs/kit/tree/main/packages/adapter-static#strict for more info.
  
  If this doesn't help, you may need to use a different adapter. @sveltejs/adapter-static can only be used for sites that don't need a server for dynamic rendering, and can run on just a static file server.
  See https://svelte.dev/docs/kit/page-options#prerender for more details
error during build:
Error: Encountered dynamic routes
    at adapt (file:///D:/PROYECTO-MILENIUM/milenium-frontend/node_modules/.pnpm/@sveltejs+adapter-static@3._0d0e2aed9e8030714b690ccc047cc4f5/node_modules/@sveltejs/adapter-static/index.js:38:12)
    at adapt (file:///D:/PROYECTO-MILENIUM/milenium-frontend/node_modules/.pnpm/@sveltejs+kit@2.49.5_@svelt_f01e53850a326399d52de95df860543e/node_modules/@sveltejs/kit/src/core/adapt/index.js:41:8)
    at finalise (file:///D:/PROYECTO-MILENIUM/milenium-frontend/node_modules/.pnpm/@sveltejs+kit@2.49.5_@svelt_f01e53850a326399d52de95df860543e/node_modules/@sveltejs/kit/src/exports/vite/index.js:1329:13)
    at async Object.handler (file:///D:/PROYECTO-MILENIUM/milenium-frontend/node_modules/.pnpm/@sveltejs+kit@2.49.5_@svelt_f01e53850a326399d52de95df860543e/node_modules/@sveltejs/kit/src/exports/vite/index.js:1360:5)
    at async PluginDriver.hookParallel (file:///D:/PROYECTO-MILENIUM/milenium-frontend/node_modules/.pnpm/rollup@4.55.1/node_modules/rollup/dist/es/shared/node-entry.js:22475:17)
    at async Object.close (file:///D:/PROYECTO-MILENIUM/milenium-frontend/node_modules/.pnpm/rollup@4.55.1/node_modules/rollup/dist/es/shared/node-entry.js:23494:13)
    at async buildEnvironment (file:///D:/PROYECTO-MILENIUM/milenium-frontend/node_modules/.pnpm/vite@7.3.1_@types+node@22.1_82581991ab72c384e11f9fa57f08f721/node_modules/vite/dist/node/chunks/config.js:33555:15)
    at async Object.build (file:///D:/PROYECTO-MILENIUM/milenium-frontend/node_modules/.pnpm/vite@7.3.1_@types+node@22.1_82581991ab72c384e11f9fa57f08f721/node_modules/vite/dist/node/chunks/config.js:33900:19)
    at async Object.buildApp (file:///D:/PROYECTO-MILENIUM/milenium-frontend/node_modules/.pnpm/vite@7.3.1_@types+node@22.1_82581991ab72c384e11f9fa57f08f721/node_modules/vite/dist/node/chunks/config.js:33897:153)
    at async CAC.<anonymous> (file:///D:/PROYECTO-MILENIUM/milenium-frontend/node_modules/.pnpm/vite@7.3.1_@types+node@22.1_82581991ab72c384e11f9fa57f08f721/node_modules/vite/dist/node/cli.js:629:3)
 ELIFECYCLE  Command failed with exit code 1.
