
> milenium-client@0.0.1 check
> svelte-kit sync && svelte-check --tsconfig ./tsconfig.json

Loading svelte-check in workspace: d:\PROYECTO-MILENIUM\milenium-frontend
Getting Svelte diagnostics...

d:\PROYECTO-MILENIUM\milenium-frontend\[32msrc\lib\utils\redirect.ts[39m:4:15
[31mError[39m: Argument of type '[string]' is not assignable to parameter of type '[route: "/"] | [route: "/auth"] | [route: "/auth/resset-password"] | [route: "/auth/sign-in"] | [route: "/auth/sign-up"] | [route: "/v1"] | [route: "/v1/administracion"] | [route: "/v1/administracion/reporte-gastos"] | [route: "/v1/administracion/reportes"] | ... 75 more ... | [route: ...]'.
  Type '[string]' is not assignable to type '[route: "/v1/zonas/"]'.
    Type 'string' is not assignable to type '"/v1/zonas/"'. 
[36mexport const redirect = (url: string, replaceState: boolean = false): void => {
	goto(resolve([35murl[36m), { replaceState });
};[39m

d:\PROYECTO-MILENIUM\milenium-frontend\[32msrc\lib\services\sucursal.service.ts[39m:23:24
[31mError[39m: Property 'data' does not exist on type 'Sucursal'. 
[36m		const response = await apiMilenium.get<{ status: string; data: Sucursal }>(`/sucursales/${id}`);
		return response.data.[35mdata[36m;
	}[39m

d:\PROYECTO-MILENIUM\milenium-frontend\[32msrc\lib\components\features\empleado\empleadoFormModal.svelte[39m:378:8
[33mWarn[39m: Buttons and links should either contain text or have an `aria-label`, `aria-labelledby` or `title` attribute
https://svelte.dev/e/a11y_consider_explicit_label (svelte)
[36m							</div>
							[35m<button
								type="button"
								onclick={toggleCrearUsuario}
								class="relative inline-flex h-6 w-11 flex-shrink-0 cursor-pointer rounded-full border-2 border-transparent transition-colors duration-200 ease-in-out focus:ring-2 focus:ring-blue-500 focus:ring-offset-2 focus:outline-none {crearUsuario
									? 'bg-blue-600'
									: 'bg-gray-200'}"
								role="switch"
								aria-checked={crearUsuario}
							>
								<span
									class="pointer-events-none inline-block h-5 w-5 transform rounded-full bg-white shadow ring-0 transition duration-200 ease-in-out {crearUsuario
										? 'translate-x-5'
										: 'translate-x-0'}"
								></span>
							</button>[36m
						</div>[39m

d:\PROYECTO-MILENIUM\milenium-frontend\[32msrc\lib\components\features\movimiento\movimientoFormModal.svelte[39m:33:9
[33mWarn[39m: This reference only captures the initial value of `defaultTipo`. Did you mean to reference it inside a derived instead?
https://svelte.dev/e/state_referenced_locally (svelte)
[36m		fecha: new Date().toISOString().split('T')[0],
		tipo: [35mdefaultTipo[36m,
		tipoPago: 'EFECTIVO',[39m

d:\PROYECTO-MILENIUM\milenium-frontend\[32msrc\lib\components\features\usuario\crearUsuarioModal.svelte[39m:115:4
[33mWarn[39m: Buttons and links should either contain text or have an `aria-label`, `aria-labelledby` or `title` attribute
https://svelte.dev/e/a11y_consider_explicit_label (svelte)
[36m			</h2>
			[35m<button
				onclick={onclose}
				class="text-gray-400 transition-colors hover:text-gray-600"
				disabled={loading}
			>
				<svg class="h-6 w-6" fill="none" stroke="currentColor" viewBox="0 0 24 24">
					<path
						stroke-linecap="round"
						stroke-linejoin="round"
						stroke-width="2"
						d="M6 18L18 6M6 6l12 12"
					/>
				</svg>
			</button>[36m
		</div>[39m

d:\PROYECTO-MILENIUM\milenium-frontend\[32msrc\lib\components\ui\card.svelte[39m:72:3
[33mWarn[39m: This reference only captures the initial value of `interactive`. Did you mean to reference it inside a closure instead?
https://svelte.dev/e/state_referenced_locally (svelte)
[36m	const interactiveClasses =
		[35minteractive[36m && !disabled
			? 'hover:shadow-md hover:scale-[1.02] cursor-pointer focus:outline-none focus:ring-2 focus:ring-blue-500 focus:ring-offset-2 dark:focus:ring-offset-gray-900'[39m

d:\PROYECTO-MILENIUM\milenium-frontend\[32msrc\lib\components\ui\card.svelte[39m:72:19
[33mWarn[39m: This reference only captures the initial value of `disabled`. Did you mean to reference it inside a closure instead?
https://svelte.dev/e/state_referenced_locally (svelte)
[36m	const interactiveClasses =
		interactive && ![35mdisabled[36m
			? 'hover:shadow-md hover:scale-[1.02] cursor-pointer focus:outline-none focus:ring-2 focus:ring-blue-500 focus:ring-offset-2 dark:focus:ring-offset-gray-900'[39m

d:\PROYECTO-MILENIUM\milenium-frontend\[32msrc\lib\components\ui\card.svelte[39m:77:26
[33mWarn[39m: This reference only captures the initial value of `disabled`. Did you mean to reference it inside a closure instead?
https://svelte.dev/e/state_referenced_locally (svelte)
[36m	// Estado deshabilitado
	const disabledClasses = [35mdisabled[36m ? 'opacity-60 cursor-not-allowed pointer-events-none' : '';[39m

d:\PROYECTO-MILENIUM\milenium-frontend\[32msrc\lib\components\ui\card.svelte[39m:82:18
[33mWarn[39m: This reference only captures the initial value of `variant`. Did you mean to reference it inside a closure instead?
https://svelte.dev/e/state_referenced_locally (svelte)
[36m		baseClasses,
		variantClasses[[35mvariant[36m],
		sizeClasses[size],[39m

d:\PROYECTO-MILENIUM\milenium-frontend\[32msrc\lib\components\ui\card.svelte[39m:83:15
[33mWarn[39m: This reference only captures the initial value of `size`. Did you mean to reference it inside a closure instead?
https://svelte.dev/e/state_referenced_locally (svelte)
[36m		variantClasses[variant],
		sizeClasses[[35msize[36m],
		paddingClasses[padding],[39m

d:\PROYECTO-MILENIUM\milenium-frontend\[32msrc\lib\components\ui\card.svelte[39m:84:18
[33mWarn[39m: This reference only captures the initial value of `padding`. Did you mean to reference it inside a closure instead?
https://svelte.dev/e/state_referenced_locally (svelte)
[36m		sizeClasses[size],
		paddingClasses[[35mpadding[36m],
		interactiveClasses,[39m

d:\PROYECTO-MILENIUM\milenium-frontend\[32msrc\lib\components\ui\card.svelte[39m:87:3
[33mWarn[39m: This reference only captures the initial value of `additionalClass`. Did you mean to reference it inside a closure instead?
https://svelte.dev/e/state_referenced_locally (svelte)
[36m		disabledClasses,
		[35madditionalClass[36m
	][39m

d:\PROYECTO-MILENIUM\milenium-frontend\[32msrc\lib\components\ui\card.svelte[39m:99:1
[33mWarn[39m: noninteractive element cannot have nonnegative tabIndex value
https://svelte.dev/e/a11y_no_noninteractive_tabindex (svelte)
[36m
[35m<div
	class={cardClasses}
	role={interactive ? 'button' : undefined}
	tabindex={interactive && !disabled ? 0 : undefined}
	onclick={handleClick}
	onkeydown={(e) => {
		if (interactive && !disabled && (e.key === 'Enter' || e.key === ' ')) {
			e.preventDefault();
			handleClick(e as any);
		}
	}}
	{...restProps}
>
	<!-- Header Section -->
	{#if header}
		<div class="card-header mb-4 border-b border-gray-200 pb-4 dark:border-gray-700">
			{@render header()}
		</div>
	{/if}

	<!-- Main Content -->
	<div class="card-content">
		{@render children()}
	</div>

	<!-- Footer Section -->
	{#if footer}
		<div class="card-footer mt-4 border-t border-gray-200 pt-4 dark:border-gray-700">
			{@render footer()}
		</div>
	{/if}
</div>[36m[39m

d:\PROYECTO-MILENIUM\milenium-frontend\[32msrc\lib\components\ui\card.svelte[39m:95:13
[31mError[39m: Argument of type 'MouseEvent' is not assignable to parameter of type 'MouseEvent & { currentTarget: EventTarget & HTMLDivElement; }'.
  Type 'MouseEvent' is not assignable to type '{ currentTarget: EventTarget & HTMLDivElement; }'.
    Types of property 'currentTarget' are incompatible.
      Type 'EventTarget | null' is not assignable to type 'EventTarget & HTMLDivElement'.
        Type 'null' is not assignable to type 'EventTarget & HTMLDivElement'.
          Type 'null' is not assignable to type 'EventTarget'. (ts)
[36m		if (disabled) return;
		onclick?.([35mevent[36m);
	};[39m

d:\PROYECTO-MILENIUM\milenium-frontend\[32msrc\routes\v1\finanzas\compras\nueva\+page.svelte[39m:155:8
[33mWarn[39m: A form label must be associated with a control
https://svelte.dev/e/a11y_label_has_associated_control (svelte)
[36m						<div>
							[35m<label class="mb-1 block text-sm text-gray-600">Proveedor</label>[36m
							<select[39m

d:\PROYECTO-MILENIUM\milenium-frontend\[32msrc\routes\v1\finanzas\compras\nueva\+page.svelte[39m:171:8
[33mWarn[39m: A form label must be associated with a control
https://svelte.dev/e/a11y_label_has_associated_control (svelte)
[36m						<div>
							[35m<label class="mb-1 block text-sm text-gray-600">Sucursal de Destino</label>[36m
							<select[39m

d:\PROYECTO-MILENIUM\milenium-frontend\[32msrc\routes\v1\finanzas\compras\nueva\+page.svelte[39m:185:8
[33mWarn[39m: A form label must be associated with a control
https://svelte.dev/e/a11y_label_has_associated_control (svelte)
[36m						<div>
							[35m<label class="mb-1 block text-sm text-gray-600">Nro. Comprobante</label>[36m
							<input[39m

d:\PROYECTO-MILENIUM\milenium-frontend\[32msrc\routes\v1\finanzas\compras\nueva\+page.svelte[39m:195:8
[33mWarn[39m: A form label must be associated with a control
https://svelte.dev/e/a11y_label_has_associated_control (svelte)
[36m						<div>
							[35m<label class="mb-1 block text-sm text-gray-600">Estado de Pago</label>[36m
							<select[39m

d:\PROYECTO-MILENIUM\milenium-frontend\[32msrc\routes\v1\finanzas\compras\nueva\+page.svelte[39m:46:27
[31mError[39m: Property 'data' does not exist on type '{ proveedores: Proveedor[]; total: number; page: number; perPage: number; totalPages: number; }'. (ts)
[36m				const provRes = await proveedoresService.getProveedores({ perPage: 100 });
				proveedores = provRes.[35mdata[36m?.proveedores || provRes.proveedores || [];
			} catch (e) {}[39m

d:\PROYECTO-MILENIUM\milenium-frontend\[32msrc\routes\v1\finanzas\compras\nueva\+page.svelte[39m:51:25
[31mError[39m: Property 'data' does not exist on type '{ sucursales: Sucursal[]; total: number; page?: number | undefined; perPage?: number | undefined; totalPages?: number | undefined; }'. (ts)
[36m				const sucRes = await sucursalService.getSucursalesActivas();
				sucursales = sucRes.[35mdata[36m?.sucursales || sucRes.sucursales || [];
			} catch (e) {}[39m

d:\PROYECTO-MILENIUM\milenium-frontend\[32msrc\routes\v1\finanzas\compras\nueva\+page.svelte[39m:56:63
[31mError[39m: Property 'productos' does not exist on type 'ProductosResponse'. (ts)
[36m				const prodRes = await productoService.getProductos({ perPage: 500 });
				productosDisponibles = prodRes.data?.productos || prodRes.[35mproductos[36m || [];
			} catch (e) {}[39m

d:\PROYECTO-MILENIUM\milenium-frontend\[32msrc\routes\v1\finanzas\compras\nueva\+page.svelte[39m:164:26
[31mError[39m: Property 'razon_social' does not exist on type 'Proveedor'. (ts)
[36m									<option value={p.id}
										>{p.nombre} {p.[35mrazon_social[36m ? `(${p.razon_social})` : ''}</option
									>[39m

d:\PROYECTO-MILENIUM\milenium-frontend\[32msrc\routes\v1\finanzas\compras\nueva\+page.svelte[39m:164:47
[31mError[39m: Property 'razon_social' does not exist on type 'Proveedor'. (ts)
[36m									<option value={p.id}
										>{p.nombre} {p.razon_social ? `(${p.[35mrazon_social[36m})` : ''}</option
									>[39m

d:\PROYECTO-MILENIUM\milenium-frontend\[32msrc\routes\v1\finanzas\compras\nueva\+page.svelte[39m:221:9
[31mError[39m: Cannot find name 'ZoomIcon'. (ts)
[36m							/>
							<[35mZoomIcon[36m class="absolute top-1/2 left-3 h-5 w-5 -translate-y-1/2 text-gray-400" />
						</div>[39m

d:\PROYECTO-MILENIUM\milenium-frontend\[32msrc\routes\v1\finanzas\venta-productos-pedidos\+page.svelte[39m:517:5
[33mWarn[39m: A form label must be associated with a control
https://svelte.dev/e/a11y_label_has_associated_control (svelte)
[36m			<div class="px-8 pb-8">
				[35m<label class="mb-3 block text-xs font-semibold tracking-widest text-slate-500 uppercase">
					Monto inicial en caja
				</label>[36m
				<div class="relative mb-6">[39m

d:\PROYECTO-MILENIUM\milenium-frontend\[32msrc\routes\v1\finanzas\venta-productos-pedidos\+page.svelte[39m:527:7
[33mWarn[39m: Avoid using autofocus
https://svelte.dev/e/a11y_autofocus (svelte)
[36m						type="number"
						[35mautofocus[36m
						placeholder="0.00"[39m

d:\PROYECTO-MILENIUM\milenium-frontend\[32msrc\routes\v1\finanzas\venta-productos-pedidos\+page.svelte[39m:655:7
[33mWarn[39m: Avoid using autofocus
https://svelte.dev/e/a11y_autofocus (svelte)
[36m						class="pos-input w-full rounded-xl border border-slate-300 bg-slate-50 py-2.5 pr-4 pl-10 font-mono text-sm text-slate-800 transition outline-none placeholder:text-slate-400 focus:border-emerald-500 focus:bg-white focus:ring-3 focus:ring-emerald-500/20"
						[35mautofocus[36m
					/>[39m

d:\PROYECTO-MILENIUM\milenium-frontend\[32msrc\routes\v1\finanzas\venta-productos-pedidos\+page.svelte[39m:997:7
[33mWarn[39m: Avoid using autofocus
https://svelte.dev/e/a11y_autofocus (svelte)
[36m						type="number"
						[35mautofocus[36m
						step="0.001"[39m

d:\PROYECTO-MILENIUM\milenium-frontend\[32msrc\routes\v1\finanzas\venta-productos-pedidos\+page.svelte[39m:1066:6
[33mWarn[39m: A form label must be associated with a control
https://svelte.dev/e/a11y_label_has_associated_control (svelte)
[36m				<div>
					[35m<label class="mb-2.5 block text-[10px] font-bold tracking-widest text-slate-500 uppercase"
						>Método de pago</label
					>[36m
					<div class="grid grid-cols-4 gap-2">[39m

d:\PROYECTO-MILENIUM\milenium-frontend\[32msrc\routes\v1\finanzas\venta-productos-pedidos\+page.svelte[39m:1085:6
[33mWarn[39m: A form label must be associated with a control
https://svelte.dev/e/a11y_label_has_associated_control (svelte)
[36m				<div>
					[35m<label class="mb-2 block text-sm font-semibold text-slate-400">Monto recibido</label>[36m
					<div class="relative">[39m

d:\PROYECTO-MILENIUM\milenium-frontend\[32msrc\routes\v1\finanzas\venta-productos-pedidos\+page.svelte[39m:1093:8
[33mWarn[39m: Avoid using autofocus
https://svelte.dev/e/a11y_autofocus (svelte)
[36m							type="number"
							[35mautofocus[36m
							bind:value={montoPagado}[39m

d:\PROYECTO-MILENIUM\milenium-frontend\[32msrc\routes\v1\finanzas\venta-productos-pedidos\+page.svelte[39m:1290:6
[33mWarn[39m: A form label must be associated with a control
https://svelte.dev/e/a11y_label_has_associated_control (svelte)
[36m				<div>
					[35m<label class="mb-2.5 block text-[10px] font-bold tracking-widest text-slate-500 uppercase"
						>Conteo físico — ¿Cuánto hay en caja?</label
					>[36m
					<div class="relative">[39m

d:\PROYECTO-MILENIUM\milenium-frontend\[32msrc\routes\v1\finanzas\venta-productos-pedidos\+page.svelte[39m:1361:7
[33mWarn[39m: Avoid using autofocus
https://svelte.dev/e/a11y_autofocus (svelte)
[36m					<input
						[35mautofocus[36m
						placeholder="Buscar por nombre o CI..."[39m

d:\PROYECTO-MILENIUM\milenium-frontend\[32msrc\routes\v1\finanzas\venta-productos-pedidos\+page.svelte[39m:1452:7
[33mWarn[39m: Avoid using autofocus
https://svelte.dev/e/a11y_autofocus (svelte)
[36m						type="number"
						[35mautofocus[36m
						bind:value={descuentoValor}[39m

d:\PROYECTO-MILENIUM\milenium-frontend\[32msrc\routes\v1\usuarios\+page.svelte[39m:230:8
[33mWarn[39m: A form label must be associated with a control
https://svelte.dev/e/a11y_label_has_associated_control (svelte)
[36m						<div class="max-w-xs flex-1">
							[35m<label class="mb-1 block text-sm font-medium text-transparent">Acciones</label>[36m
							<button[39m

d:\PROYECTO-MILENIUM\milenium-frontend\[32msrc\routes\v1\usuarios\+page.svelte[39m:428:3
[31mError[39m: Type '{ roles: Rol[]; }' is missing the following properties from type 'Props': onclose, oncreated (ts)
[36m{#if showCrearModal}
	<[35mCrearUsuarioModal[36m {roles} on:close={closeCrearModal} on:created={handleUsuarioCreated} />
{/if}[39m

d:\PROYECTO-MILENIUM\milenium-frontend\[32msrc\routes\v1\usuarios\+page.svelte[39m:428:32
[31mError[39m: Argument of type '"close"' is not assignable to parameter of type 'never'. (ts)
[36m{#if showCrearModal}
	<CrearUsuarioModal {roles} on:[35mclose[36m={closeCrearModal} on:created={handleUsuarioCreated} />
{/if}[39m

d:\PROYECTO-MILENIUM\milenium-frontend\[32msrc\routes\v1\usuarios\+page.svelte[39m:428:59
[31mError[39m: Argument of type '"created"' is not assignable to parameter of type 'never'. (ts)
[36m{#if showCrearModal}
	<CrearUsuarioModal {roles} on:close={closeCrearModal} on:[35mcreated[36m={handleUsuarioCreated} />
{/if}[39m

d:\PROYECTO-MILENIUM\milenium-frontend\[32msrc\routes\v1\zonas\+page.svelte[39m:207:8
[31mError[39m: Object literal may only specify known properties, and '"onView"' does not exist in type 'Props'. (ts)
[36m							onDelete={openDeleteConfirm}
							[35monView[36m={openViewModal}
						/>[39m

d:\PROYECTO-MILENIUM\milenium-frontend\[32msrc\routes\v1\zonas\+page.svelte[39m:232:3
[31mError[39m: Object literal may only specify known properties, and 'isReadOnly' does not exist in type 'Props'. (ts)
[36m	{zonas}
	{[35misReadOnly[36m}
	onSubmit={handleSubmitZona}[39m

====================================
[31msvelte-check found 14 errors and 26 warnings in 10 files
[39m
